294851201
0 23 294892734
0 86 295149031
0 706 295253743
1 127 295584845
2 88 294978948
2 137 295140120
2 521 294900067
2 741 295217816
2 906 295403946
3 81 295657933
4 244 295546508
4 354 295184540
4 463 294930334
4 841 295053505
4 945 295122452
5 444 295240469
6 23 294969707
6 221 295227513
6 520 294929042
6 599 294969312
7 364 295256664
8 512 294884778
9 314 295353441
10 663 295291839
11 454 295324569
11 643 294867876
11 904 295060518
12 23 295043108
12 226 295667508
13 202 295267808
14 599 295957604
15 932 295405283
15 998 295051545
16 488 295041441
16 952 295229980
17 843 294904877
18 608 296238938
18 629 295460874
19 482 295336730
19 850 295043990
19 963 295369398
20 83 295184498
20 166 295210970
20 633 294888267
21 120 295514717
22 984 296173393
24 805 294915077
25 275 294932367
25 455 295093240
25 609 295174747
25 756 295162550
26 284 295029747
26 329 294861518
26 676 295147628
26 950 295088227
27 248 295190066
27 429 295456558
28 471 295081191
28 706 295061089
29 241 295430499
29 628 295791933
30 508 295118979
30 905 294932141
31 212 295206452
31 969 295078216
32 178 295136232
32 285 295101336
32 405 295015244
32 416 295473072
32 437 294998334
33 237 295062505
33 844 295030900
34 737 295304546
35 264 295058776
35 594 295372815
35 950 294906785
36 135 295236474
36 599 295009491
37 481 295866363
38 844 295240609
38 909 295286442
39 212 295177497
40 186 294909200
40 713 295266016
41 236 295129473
41 520 295117351
41 945 294884984
42 262 294974826
42 424 295305054
43 426 294962388
44 481 295087949
44 825 295130582
45 166 295277718
45 801 295078518
46 225 295134318
46 571 294933999
46 597 295308682
46 929 295083134
47 48 295011098
47 292 295143266
47 383 294878363
48 326 295061517
48 563 295041413
48 774 295656031
49 268 294954622
49 599 295068840
50 486 295026345
51 134 294949889
51 228 294927516
51 710 295004157
52 251 295201105
52 264 294893843
52 747 295132318
52 890 295086538
52 929 295121259
53 400 294871633
53 452 294967648
53 671 295077284
54 468 295446783
54 802 295019583
55 220 294887115
55 531 295235081
56 682 294926412
56 762 294997539
56 831 294911582
57 671 295130946
57 772 295049858
57 923 295218173
57 946 295171727
58 183 294921419
58 407 295267627
58 591 295125381
59 288 295045555
59 470 295182553
59 964 295103181
60 683 295148653
61 339 294981612
62 919 295027880
62 951 295165735
63 95 295138051
64 216 295191724
64 883 295156604
65 122 294908709
66 423 295278872
66 552 295269910
66 944 295122773
67 74 295162868
68 313 295186227
68 781 295179675
69 103 295092425
70 969 295250361
71 78 295557089
72 96 295082697
72 986 295153418
73 97 295322157
73 490 294887069
74 309 294979352
74 977 295265377
75 420 295251454
75 579 295202468
75 858 295087788
76 834 294956794
77 141 295109918
77 432 295008738
77 535 295235031
77 789 294855804
78 428 295016954
79 387 295270792
79 898 295193776
80 229 295358635
80 250 295239326
81 179 294961543
81 849 294930500
82 385 295701384
83 860 295355126
84 424 295347223
85 342 294981040
87 96 295125680
87 240 295046311
87 680 294930516
87 874 295428870
88 699 294965282
89 701 295190055
89 748 295359958
90 349 295007076
90 551 295223705
91 148 294895935
91 675 295004443
91 768 295178809
92 672 295634543
93 654 295022144
94 481 295196771
95 184 295042277
95 524 295177236
96 738 295050705
97 348 295302977
97 473 295063039
98 504 295353614
99 925 295400354
100 117 294876482
100 798 295328247
101 598 295131352
101 971 295122941
101 981 295060595
101 999 295042334
102 406 295104337
103 125 295150524
103 304 295023287
103 614 295051514
103 893 294884484
104 428 295063948
104 647 295004530
104 836 295362580
105 801 295392041
106 663 295236107
106 975 295212200
107 983 295402328
108 371 294877719
108 392 295173518
108 431 294921720
108 596 295188789
108 895 295016603
109 637 295183126
109 950 294980871
110 509 295070534
110 775 295150623
110 982 295194454
111 672 295027770
112 589 295404373
113 469 294868240
114 253 295242808
114 458 295003268
115 946 296143332
116 236 295117042
116 805 294943948
116 937 295077281
117 659 295043739
117 716 295081511
118 756 295166625
119 450 295455317
119 747 295142196
120 230 295102023
120 442 294851703
120 959 294897264
121 577 295107189
121 782 295606110
122 152 295264054
122 494 295214969
122 588 294945790
122 703 295208686
123 202 294931650
123 743 294991645
124 604 295039575
125 593 294975280
125 634 294852258
125 856 295244724
125 963 294956360
126 694 294911130
127 336 295205575
127 521 294872090
128 795 295148685
129 256 296940873
130 924 295962851
131 786 295801328
132 197 294951856
133 317 295256768
135 237 295148784
135 512 295212179
135 901 295089445
136 297 295023888
136 559 294923462
136 892 295283373
137 560 295127051
137 822 295244430
138 835 295033930
138 855 294863407
139 685 294869914
140 487 295703189
140 780 294870144
140 793 295222047
141 142 294865998
142 208 295221966
142 529 295124047
143 442 294974263
143 970 294959566
143 995 295018184
144 212 295409021
144 677 295454844
145 153 295228213
145 511 295131572
146 757 295212731
147 914 295662388
148 293 294855232
148 359 295104067
149 279 294951696
150 437 294945637
150 533 295205736
150 973 295429970
151 384 295212240
151 640 295175166
152 332 295181447
153 773 295056614
153 997 295010692
154 198 295135982
154 394 295048415
155 913 295088979
156 868 295189985
157 507 295195227
157 543 295055017
157 876 294995012
158 191 294998466
159 224 295176701
159 960 294909831
160 389 294927886
160 681 294974144
161 249 295207479
161 425 295301450
162 511 295807486
163 393 294946997
164 306 295316266
165 271 295019423
165 328 295115633
165 662 295202489
166 306 294936310
166 761 295159772
167 243 295184291
167 333 295190955
167 398 294959111
167 400 295045014
167 717 295274560
168 396 295066592
168 922 295209006
169 479 295061559
169 708 295195359
169 828 295437093
170 367 295157963
170 460 295005742
170 698 295425478
171 270 295034235
171 459 295940654
172 211 295887245
173 270 294973720
174 663 295429039
175 409 295576045
176 507 295969318
177 183 294974011
179 879 295087109
180 320 295270569
181 365 295129634
181 484 295103142
182 980 294942432
182 995 295305228
183 526 295056457
184 408 295034278
185 979 295658788
187 602 295190019
187 885 295065512
187 900 294981133
188 339 294917282
189 734 295232017
190 301 295066938
190 441 294985976
190 799 295137249
191 265 295381736
191 328 295293350
192 725 295188666
192 796 295272156
192 864 294869782
193 783 295107644
194 480 294860952
194 508 295056786
194 744 295491388
195 622 295591706
196 321 295112558
196 446 295307078
196 701 294894586
197 214 295130578
197 228 295101107
197 268 294960303
197 484 295057878
199 377 295085284
199 475 295075968
199 681 294889469
200 713 295296614
201 466 295160305
202 436 294906053
202 530 295077811
203 805 295036535
203 818 295143096
204 872 295156804
205 837 295674747
206 616 295917410
207 752 294976429
207 809 295095534
207 921 294888579
208 618 295235038
209 474 295768710
209 794 295006516
209 910 295143244
210 222 295116783
211 267 295137791
211 940 295075405
212 431 295180137
213 630 295137419
214 357 295280460
214 825 295033260
215 409 294989521
215 651 294962392
215 858 294953280
215 928 294927020
216 868 295087337
217 759 295873891
218 430 294859857
218 547 294893640
219 692 295233906
220 391 295346745
221 592 295012675
222 228 294961513
222 611 295185347
222 699 295137331
222 847 295096775
223 712 295338920
224 440 295094783
224 857 294856538
225 527 294895539
227 257 295238900
229 841 295324989
230 896 295100522
231 547 295229577
232 320 295255453
232 418 295250658
233 332 295002600
233 477 295170932
234 645 295245765
235 855 295871611
237 495 295646712
238 554 295159405
238 672 295159893
238 721 295002260
238 865 295066343
239 607 295073922
239 764 294869944
240 421 295105909
240 656 295694952
240 912 295107006
240 995 294965647
242 368 294989328
242 475 295171067
245 547 294887282
245 716 294925457
245 751 295311699
245 763 295175570
246 519 295151159
246 570 294912621
246 589 294945662
246 887 294893759
246 937 294890967
247 606 295273596
248 920 295006677
249 832 294976395
249 834 295069830
252 434 295081247
252 458 294856313
253 483 295336514
253 728 295259084
254 526 295135133
254 541 294988472
254 740 294916617
254 910 295220102
255 887 295561175
256 284 294978164
256 445 294980605
256 639 295406583
256 979 295419388
257 752 294988599
257 855 294955242
258 381 295083421
258 442 295036404
258 685 294895918
259 291 295024700
259 920 294932047
259 933 295286554
260 919 295122304
261 470 295103373
262 764 295050490
262 955 295309208
263 333 294913004
264 502 295122366
266 322 295201922
266 689 294946575
267 672 295295421
268 585 295079355
268 882 294985104
269 612 295082226
270 458 295158519
272 958 295253708
272 966 295282622
273 426 294953530
273 922 295083871
274 395 295036260
274 698 295381850
275 754 294958835
275 765 295177160
276 837 295057796
276 955 295073496
277 296 295149877
277 347 295039051
278 312 295071060
279 670 295377065
280 843 295299904
281 595 295147842
281 692 295079075
281 791 295164709
282 585 295049181
283 661 295361982
283 938 294988752
284 604 295009012
284 647 295003766
286 916 294916255
286 988 295058079
287 329 295314892
288 434 295102505
289 536 295317445
290 683 295282017
293 493 295129422
294 760 294860676
295 855 294905566
295 897 295108363
296 326 294870057
296 700 295046856
296 707 294960460
297 873 295011810
298 567 295411425
298 918 295013095
299 627 295483130
299 951 295485019
300 588 295048645
300 624 295132531
302 329 294890360
302 373 294853965
302 824 295324913
302 994 294896368
303 739 295215034
304 810 294912642
305 619 295128011
305 651 295026301
306 521 294986575
306 648 294892307
307 980 295809838
308 428 295930451
310 322 294974160
311 370 294909499
311 989 295617235
312 858 295180152
313 333 294998988
313 385 294900976
313 470 295141292
313 638 295001235
314 501 294908970
314 807 295413462
314 956 295368006
315 379 295176624
316 591 294887902
317 903 295429926
318 815 295180134
319 977 295049327
320 590 294967885
321 346 294905723
321 653 294866091
323 651 295004678
324 581 294871683
324 766 295072449
325 470 295517736
326 907 295466391
327 863 295122220
329 363 294862076
330 551 295034274
330 960 295064177
330 982 294974943
331 697 295247561
333 360 295043717
333 503 295051415
334 363 295101596
334 422 295170707
335 620 295058517
337 523 295174968
337 777 294889396
338 487 295570265
339 393 294877980
340 859 295450763
341 747 295216348
342 843 295969741
343 558 295501481
344 543 295163171
345 963 294926318
346 852 295263480
347 764 294911133
347 913 294910131
350 638 295131851
351 788 295102077
351 854 295100029
352 764 295322548
353 557 294974084
353 572 295004088
354 817 294884243
355 433 294998700
355 655 295290195
356 790 295478102
358 401 294913908
358 664 295506201
359 764 295037373
360 514 295289312
361 748 296020350
362 958 295216731
364 631 295274473
366 592 295453457
368 924 295102265
369 755 295545843
370 523 294931873
372 482 295316520
373 623 295113401
374 458 294860808
374 943 295451807
375 687 294962813
376 428 294898444
376 771 294989443
378 760 294906869
378 769 295045291
379 701 295181973
379 904 295009236
380 838 295045731
380 858 295328328
381 739 295024216
382 770 294863881
383 548 295024809
383 606 295007940
383 925 294959528
384 543 295077399
385 915 295242735
386 856 295177413
387 759 294928328
388 977 295474912
389 406 295001396
389 447 295037043
389 616 295293275
389 879 294953831
390 614 294908486
393 936 294924160
394 436 295283858
397 498 294924483
397 961 295638490
398 886 295053008
399 942 295235110
401 597 295025144
402 573 296082538
403 558 294901968
403 835 295009207
404 735 295198032
405 497 295053172
406 583 294963834
406 797 294952796
408 410 295007251
408 499 294993692
409 550 295131729
410 773 295113201
411 710 295435632
412 465 295040967
413 739 295610873
414 582 294890953
414 858 295039641
415 520 294952580
417 552 295353760
418 641 295033750
418 667 295219113
419 816 295804810
420 872 294993962
420 934 294962134
421 496 294856200
421 672 294879708
425 440 294942628
425 933 295098089
426 610 295410239
426 686 294903887
426 938 294883396
427 936 295115697
428 792 295658613
430 674 295302002
431 708 295012370
431 778 295004365
432 737 295162065
432 854 295058284
432 866 295082407
433 686 295214655
435 767 295257004
436 453 295103437
436 963 294977653
437 987 295477586
438 553 294910517
439 732 295040257
439 919 294975846
440 702 295104138
441 964 295186396
443 970 295140654
444 469 295148534
445 461 295527756
445 718 295036425
445 773 294963301
448 553 295008498
449 630 295820748
451 572 294886547
453 699 294939154
456 526 294960198
456 629 295076768
457 675 294895719
458 684 295042925
460 585 294920181
460 666 295024163
462 631 294983740
462 667 295233332
462 891 295192492
464 932 295325189
465 811 295349032
466 783 295087536
467 524 295126634
468 712 294985690
468 795 294904348
469 857 295085169
469 993 295382831
471 742 294977425
472 496 295346990
472 580 295059246
475 675 294960838
476 530 295393743
477 529 295042948
477 805 294899511
478 707 295318006
479 808 295221963
480 727 295417596
480 920 295159964
485 975 295466496
486 499 295082499
486 662 295119986
486 783 295156995
488 636 294880277
489 929 294870258
490 822 294956964
491 739 295933606
492 843 295380188
493 686 295182678
493 705 294908287
496 769 295060276
496 899 295038266
497 538 294861770
498 598 295152083
498 735 295232725
500 847 295420682
501 800 295033970
504 647 295038917
504 726 295003479
505 960 294927259
506 626 295483661
508 863 295358084
508 990 295168339
509 812 294897178
510 906 295995120
512 758 295267761
513 680 294969579
513 770 295036192
514 553 295064880
514 673 295474348
514 911 295096393
515 795 295169433
516 573 294971449
516 939 294888270
517 556 295125221
518 558 295058515
518 574 295451101
518 692 295049147
518 736 295435971
520 547 295083979
522 926 295173416
525 584 295421022
526 814 294954615
526 974 295056990
528 695 295195691
529 568 295090004
530 957 294868315
531 575 295007426
532 630 295192842
532 816 294959078
533 651 295072738
534 767 295169440
536 565 295109971
536 765 295275089
537 729 295212275
538 542 295321715
539 554 294929162
540 589 295555864
543 978 295192490
544 576 294899699
544 771 294887491
545 692 295276497
546 707 294957762
546 749 295152427
549 672 295340445
549 704 295193052
550 804 294888459
554 759 295154648
555 660 295353154
555 693 295111750
556 576 295055419
556 954 295172121
557 636 294918067
559 785 294962684
559 789 295051825
560 603 295242494
561 636 294932200
561 815 295095210
562 849 294977659
564 615 295004618
566 955 295799843
567 620 295228061
568 949 295255328
569 949 295082621
571 630 295160740
572 770 294949179
573 621 295333258
575 606 295130220
577 825 295060256
578 930 294957799
579 953 295472681
581 823 295411820
582 705 295120956
584 914 294885496
584 947 295855660
585 991 295153623
586 810 295036750
587 770 295554976
589 889 294973733
591 721 295018959
593 976 294908069
596 713 295061961
596 917 295204776
597 691 295143349
600 647 295272398
601 706 295393905
602 690 295336560
604 868 294856959
605 966 295007145
605 996 295263086
606 683 295119038
607 988 295045944
610 806 295422434
611 903 295324568
612 783 295224790
612 829 295035730
613 861 295340726
615 801 295062598
615 846 295310599
617 636 294921292
620 968 295649472
621 649 295078812
622 689 295004979
625 682 294924189
625 810 295000434
626 820 294878144
626 843 295017502
626 914 295248174
626 970 295144649
628 842 294978677
630 640 295134414
631 819 294904232
632 733 295079559
632 756 295218504
632 935 295111160
635 946 295529748
637 720 295687125
638 652 295129050
642 754 295487437
644 899 295195507
645 873 295075715
645 881 294855785
646 789 295144281
647 951 295094668
649 719 294898264
649 827 295664072
649 842 295184826
650 848 294859906
650 884 295253210
653 877 295462798
654 919 295148659
657 726 295188564
658 835 296100511
663 814 295105191
665 670 295398113
667 681 295172450
667 776 294928227
668 694 294954469
668 749 295125478
669 893 295331016
670 832 295461115
674 930 295018680
678 967 295147395
679 935 295240903
687 870 295043043
687 902 295090793
688 781 294920183
689 835 295087208
693 731 295303200
693 980 295114872
695 919 295030829
696 786 294882458
697 841 294877814
700 900 295059577
701 954 295182329
707 882 294865158
709 756 294980853
710 779 295088265
711 970 295073708
713 750 295123127
714 983 295361136
715 953 295653874
717 853 295044017
719 937 294983488
722 967 295940278
723 912 294971513
724 868 294927222
725 871 294995261
727 948 296056211
727 984 295065185
729 853 295287715
730 754 295271504
733 833 295023555
734 773 295522880
737 875 295125506
738 753 295108814
743 755 294930685
745 976 295289598
746 760 294882360
747 985 294879298
753 966 295240586
756 864 295048841
756 937 295002701
757 901 295117428
764 851 295286000
765 992 295200915
767 879 295180374
773 946 294895441
775 788 294922001
777 857 295026688
780 829 295140309
784 807 295885343
786 897 294926202
787 839 295766591
790 972 295189482
790 978 295362635
791 944 295006749
795 840 294994381
803 915 295279464
804 862 295145800
805 826 296215093
806 813 295472360
811 923 294915521
811 969 295153727
821 932 295060871
823 880 295472703
823 937 295050912
825 859 295048254
830 924 295362020
835 840 294921049
837 878 295871127
837 967 295338108
839 891 295148529
840 865 295187850
840 927 295984465
843 845 295507450
853 894 295333858
861 915 295359129
867 966 295160668
869 883 295139957
870 916 295223434
877 962 294877751
880 942 295134426
884 922 295097205
888 898 295127688
889 971 294878311
890 913 294871208
893 912 295121960
895 983 295169006
905 932 295033281
908 972 295747410
915 941 295197405
918 992 294907366
926 964 295434421
931 936 295136179
936 975 294877438
937 977 294981904
952 956 295144451
965 991 295047189
